<?xml version="1.0" encoding="UTF-8"?>
<!-- Generated by org.testng.reporters.JUnitReportReporter -->
<testsuite hostname="INLEN8520065033" failures="0" tests="3" name="com.Runner.TestRunner" time="38.084" errors="0" timestamp="2023-04-19T16:44:09 IST" skipped="0">
  <testcase classname="com.Runner.TestRunner" name="runScenario" time="7.441"/>
  <system-out/>
  <testcase classname="com.Runner.TestRunner" name="runScenario" time="17.827"/>
  <system-out/>
  <testcase classname="com.Runner.TestRunner" name="runScenario" time="12.816"/>
  <system-out/>
</testsuite> <!-- com.Runner.TestRunner -->
